C:\USERS\RICARDO\DESKTOP\TRABALHO DE PROGRAMAçãO\DEBUG\JOGOQUADRADO.EXE
C:\USERS\RICARDO\DESKTOP\TRABALHO DE PROGRAMAçãO\DEBUG\JOGOQUADRADO.ILK
C:\USERS\RICARDO\DESKTOP\TRABALHO DE PROGRAMAÇÃO\DEBUG\JOGOQUADRADO.PDB
C:\Users\Ricardo\Desktop\Trabalho de Programação\JogoQuadrado\Debug\cl.command.1.tlog
C:\Users\Ricardo\Desktop\Trabalho de Programação\JogoQuadrado\Debug\CL.read.1.tlog
C:\Users\Ricardo\Desktop\Trabalho de Programação\JogoQuadrado\Debug\CL.write.1.tlog
C:\USERS\RICARDO\DESKTOP\TRABALHO DE PROGRAMAçãO\JOGOQUADRADO\DEBUG\GESTAOTAB.OBJ
C:\USERS\RICARDO\DESKTOP\TRABALHO DE PROGRAMAçãO\JOGOQUADRADO\DEBUG\JOGOMENU.OBJ
C:\USERS\RICARDO\DESKTOP\TRABALHO DE PROGRAMAçãO\JOGOQUADRADO\DEBUG\JOGOQUADRADO.EXE.EMBED.MANIFEST
C:\USERS\RICARDO\DESKTOP\TRABALHO DE PROGRAMAçãO\JOGOQUADRADO\DEBUG\JOGOQUADRADO.EXE.EMBED.MANIFEST.RES
C:\USERS\RICARDO\DESKTOP\TRABALHO DE PROGRAMAçãO\JOGOQUADRADO\DEBUG\JOGOQUADRADO.EXE.INTERMEDIATE.MANIFEST
C:\Users\Ricardo\Desktop\Trabalho de Programação\JogoQuadrado\Debug\JogoQuadrado_manifest.rc
C:\Users\Ricardo\Desktop\Trabalho de Programação\JogoQuadrado\Debug\link.2656.read.1.tlog
C:\Users\Ricardo\Desktop\Trabalho de Programação\JogoQuadrado\Debug\link.2656.write.1.tlog
C:\Users\Ricardo\Desktop\Trabalho de Programação\JogoQuadrado\Debug\link.2656-cvtres.read.1.tlog
C:\Users\Ricardo\Desktop\Trabalho de Programação\JogoQuadrado\Debug\link.2656-cvtres.write.1.tlog
C:\Users\Ricardo\Desktop\Trabalho de Programação\JogoQuadrado\Debug\link.command.1.tlog
C:\Users\Ricardo\Desktop\Trabalho de Programação\JogoQuadrado\Debug\link.read.1.tlog
C:\Users\Ricardo\Desktop\Trabalho de Programação\JogoQuadrado\Debug\link.write.1.tlog
C:\Users\Ricardo\Desktop\Trabalho de Programação\JogoQuadrado\Debug\link-cvtres.read.1.tlog
C:\Users\Ricardo\Desktop\Trabalho de Programação\JogoQuadrado\Debug\link-cvtres.write.1.tlog
C:\USERS\RICARDO\DESKTOP\TRABALHO DE PROGRAMAçãO\JOGOQUADRADO\DEBUG\MAIN.OBJ
C:\Users\Ricardo\Desktop\Trabalho de Programação\JogoQuadrado\Debug\mt.command.1.tlog
C:\Users\Ricardo\Desktop\Trabalho de Programação\JogoQuadrado\Debug\mt.read.1.tlog
C:\Users\Ricardo\Desktop\Trabalho de Programação\JogoQuadrado\Debug\mt.write.1.tlog
C:\USERS\RICARDO\DESKTOP\TRABALHO DE PROGRAMAçãO\JOGOQUADRADO\DEBUG\OUTPUT.OBJ
C:\Users\Ricardo\Desktop\Trabalho de Programação\JogoQuadrado\Debug\rc.command.1.tlog
C:\Users\Ricardo\Desktop\Trabalho de Programação\JogoQuadrado\Debug\rc.read.1.tlog
C:\Users\Ricardo\Desktop\Trabalho de Programação\JogoQuadrado\Debug\rc.write.1.tlog
C:\Users\Ricardo\Desktop\Trabalho de Programação\JogoQuadrado\Debug\vc100.idb
C:\USERS\RICARDO\DESKTOP\TRABALHO DE PROGRAMAÇÃO\JOGOQUADRADO\DEBUG\VC100.PDB
