Build started 20-06-2011 11:28:58.
     1>Project "C:\Users\hp\Desktop\Prog_p1_21170949_21170826\Trabalho de Programação\JogoQuadrado\JogoQuadrado.vcxproj" on node 2 (build target(s)).
     1>InitializeBuildStatus:
         Creating "Debug\JogoQuadrado.unsuccessfulbuild" because "AlwaysCreate" was specified.
       ClCompile:
         C:\Program Files\Microsoft Visual Studio 10.0\VC\bin\CL.exe /c /ZI /nologo /W3 /WX- /Od /Oy- /D WIN32 /D _DEBUG /D _CONSOLE /D _UNICODE /D UNICODE /Gm /EHsc /RTC1 /MDd /GS /fp:precise /Zc:wchar_t /Zc:forScope /Fo"Debug\\" /Fd"Debug\vc100.pdb" /Gd /TC /analyze- /errorReport:prompt gestaoTab.c JogoMenu.c main.c output.c
         output.c
         main.c
         JogoMenu.c
         gestaoTab.c
     1>c:\users\hp\desktop\prog_p1_21170949_21170826\trabalho de programação\jogoquadrado\gestaotab.c(15): warning C4244: 'function' : conversion from 'time_t' to 'unsigned int', possible loss of data
     1>c:\users\hp\desktop\prog_p1_21170949_21170826\trabalho de programação\jogoquadrado\gestaotab.c(354): warning C4020: 'pos_jog' : too many actual parameters
     1>c:\users\hp\desktop\prog_p1_21170949_21170826\trabalho de programação\jogoquadrado\gestaotab.c(685): warning C4029: declared formal parameter list different from definition
         Generating Code...
       ManifestResourceCompile:
         C:\Program Files\Microsoft SDKs\Windows\v7.0A\bin\rc.exe /nologo /fo"Debug\JogoQuadrado.exe.embed.manifest.res" Debug\JogoQuadrado_manifest.rc 
       Link:
         C:\Program Files\Microsoft Visual Studio 10.0\VC\bin\link.exe /ERRORREPORT:PROMPT /OUT:"C:\Users\hp\Desktop\Prog_p1_21170949_21170826\Trabalho de Programação\Debug\JogoQuadrado.exe" /INCREMENTAL /NOLOGO kernel32.lib user32.lib gdi32.lib winspool.lib comdlg32.lib advapi32.lib shell32.lib ole32.lib oleaut32.lib uuid.lib odbc32.lib odbccp32.lib /MANIFEST /ManifestFile:"Debug\JogoQuadrado.exe.intermediate.manifest" /MANIFESTUAC:"level='asInvoker' uiAccess='false'" /DEBUG /PDB:"C:\Users\hp\Desktop\Prog_p1_21170949_21170826\Trabalho de Programação\Debug\JogoQuadrado.pdb" /SUBSYSTEM:CONSOLE /TLBID:1 /DYNAMICBASE /NXCOMPAT /IMPLIB:"C:\Users\hp\Desktop\Prog_p1_21170949_21170826\Trabalho de Programação\Debug\JogoQuadrado.lib" /MACHINE:X86 Debug\JogoQuadrado.exe.embed.manifest.res
         Debug\gestaoTab.obj
         Debug\JogoMenu.obj
         Debug\main.obj
         Debug\output.obj
       Manifest:
         C:\Program Files\Microsoft SDKs\Windows\v7.0A\bin\mt.exe /nologo /verbose /out:"Debug\JogoQuadrado.exe.embed.manifest" /manifest Debug\JogoQuadrado.exe.intermediate.manifest
         All outputs are up-to-date.
       LinkEmbedManifest:
         All outputs are up-to-date.
         JogoQuadrado.vcxproj -> C:\Users\hp\Desktop\Prog_p1_21170949_21170826\Trabalho de Programação\Debug\JogoQuadrado.exe
       FinalizeBuildStatus:
         Deleting file "Debug\JogoQuadrado.unsuccessfulbuild".
         Touching "Debug\JogoQuadrado.lastbuildstate".
     1>Done Building Project "C:\Users\hp\Desktop\Prog_p1_21170949_21170826\Trabalho de Programação\JogoQuadrado\JogoQuadrado.vcxproj" (build target(s)).

Build succeeded.

Time Elapsed 00:00:15.66
